118.738889694,INFO: ------------ STARTING AEROWAKE SYSTEM ------------
118.907928467,INFO: -------------------- UAV NODE --------------------
119.041919708,CRITICAL: No external drive detected. Aborting.
119.119882584,CRITICAL: System aborting due to error: None
1120.31793594,CRITICAL: System aborting due to error: None
2121.73199654,CRITICAL: System aborting due to error: None
3122.97391891,CRITICAL: System aborting due to error: None
4124.27186966,CRITICAL: System aborting due to error: None
114.278078079,INFO: ------------ STARTING AEROWAKE SYSTEM ------------
114.444971085,INFO: -------------------- UAV NODE --------------------
114.518880844,INFO: Waiting for Autopilot
10633.2230568,INFO: Autopilot connected!
10633.6770058,WARNING: Autopilot reports arming checks are not standard!
10633.9039803,INFO: Waiting for GCS
113.657951355,INFO: ------------ STARTING AEROWAKE SYSTEM ------------
113.827943802,INFO: -------------------- UAV NODE --------------------
113.901853561,INFO: Waiting for Autopilot
9029.77395058,INFO: Autopilot connected!
119.472026825,INFO: ------------ STARTING AEROWAKE SYSTEM ------------
119.639873505,INFO: -------------------- UAV NODE --------------------
119.720935822,INFO: Waiting for Autopilot
112.118959427,INFO: ------------ STARTING AEROWAKE SYSTEM ------------
112.293958664,INFO: -------------------- UAV NODE --------------------
112.372875214,INFO: Waiting for Autopilot
10930.3128719,INFO: Autopilot connected!
10930.4900169,WARNING: Autopilot reports arming checks are not standard!
10930.5489063,INFO: Waiting for GCS
21648.5650539,INFO: GCS Connected
21649.0359306,WARNING: GCS reports arming checks are not standard!
21649.3649483,INFO: ------------------SYSTEM IS READY!!------------------
21649.586916,INFO: -----------------------------------------------------
117.542982101,INFO: ------------ STARTING AEROWAKE SYSTEM ------------
117.720842361,INFO: -------------------- UAV NODE --------------------
117.794036865,INFO: Waiting for Autopilot
119.626998901,INFO: ------------ STARTING AEROWAKE SYSTEM ------------
119.803190231,INFO: -------------------- UAV NODE --------------------
119.876146317,INFO: Waiting for Autopilot
60212.8272057,CRITICAL: Autopilot connection timed out. Retrying...
112.509965897,INFO: ------------ STARTING AEROWAKE SYSTEM ------------
112.673997879,INFO: -------------------- UAV NODE --------------------
112.746953964,INFO: Waiting for Autopilot
113.410949707,INFO: ------------ STARTING AEROWAKE SYSTEM ------------
113.588094711,INFO: -------------------- UAV NODE --------------------
113.662958145,INFO: Waiting for Autopilot
120.089054108,INFO: ------------ STARTING AEROWAKE SYSTEM ------------
120.265960693,INFO: -------------------- UAV NODE --------------------
120.340108871,INFO: Waiting for Autopilot
8635.63704491,INFO: Autopilot connected!
114.641189575,INFO: ------------ STARTING AEROWAKE SYSTEM ------------
114.811182022,INFO: -------------------- UAV NODE --------------------
114.888191223,INFO: Waiting for Autopilot
120.573997498,INFO: ------------ STARTING AEROWAKE SYSTEM ------------
120.74303627,INFO: -------------------- UAV NODE --------------------
120.830059052,INFO: Waiting for Autopilot
11339.7119045,INFO: Autopilot connected!
11340.1639462,WARNING: Autopilot reports arming checks are not standard!
11340.3949738,INFO: Waiting for GCS
20856.7640781,INFO: GCS Connected
121.453046799,INFO: ------------ STARTING AEROWAKE SYSTEM ------------
121.629953384,INFO: -------------------- UAV NODE --------------------
121.703863144,INFO: Waiting for Autopilot
11642.6699162,INFO: Autopilot connected!
11642.8439617,WARNING: Autopilot reports arming checks are not standard!
11642.9040432,INFO: Waiting for GCS
21061.8159771,INFO: GCS Connected
21062.7379417,INFO: ------------------SYSTEM IS READY!!------------------
21063.6398792,INFO: -----------------------------------------------------
21081.7079544,INFO: Got GPS lock at 2016-03-04 14:03:45
116.568803787,INFO: ------------ STARTING AEROWAKE SYSTEM ------------
116.760015488,INFO: -------------------- UAV NODE --------------------
116.843938828,INFO: Waiting for Autopilot
11235.6369495,INFO: Autopilot connected!
11235.8908653,WARNING: Autopilot reports arming checks are not standard!
11236.0029221,INFO: Waiting for GCS
20552.4859428,INFO: GCS Connected
20552.9918671,INFO: ------------------SYSTEM IS READY!!------------------
20553.2469749,INFO: -----------------------------------------------------
112.587213516,INFO: ------------ STARTING AEROWAKE SYSTEM ------------
112.767219543,INFO: -------------------- UAV NODE --------------------
112.840175629,INFO: Waiting for Autopilot
10931.4801693,INFO: Autopilot connected!
10931.9531918,WARNING: Autopilot reports arming checks are not standard!
10932.1711063,INFO: Waiting for GCS
20353.2152176,INFO: GCS Connected
20353.6851406,INFO: ------------------SYSTEM IS READY!!------------------
20353.9161682,INFO: -----------------------------------------------------
109.282970428,INFO: ------------ STARTING AEROWAKE SYSTEM ------------
109.459161758,INFO: -------------------- UAV NODE --------------------
109.533071518,INFO: Waiting for Autopilot
10728.0859947,INFO: Autopilot connected!
10728.5330296,WARNING: Autopilot reports arming checks are not standard!
10728.7609577,INFO: Waiting for GCS
19945.6140995,INFO: GCS Connected
19946.0940361,INFO: ------------------SYSTEM IS READY!!------------------
19946.3591576,INFO: -----------------------------------------------------
116.848945618,INFO: ------------ STARTING AEROWAKE SYSTEM ------------
117.025852203,INFO: -------------------- UAV NODE --------------------
117.100000381,INFO: Waiting for Autopilot
10734.869957,INFO: Autopilot connected!
10735.3169918,WARNING: Autopilot reports arming checks are not standard!
10735.560894,INFO: Waiting for GCS
20054.8789501,INFO: GCS Connected
20055.1378727,INFO: ------------------SYSTEM IS READY!!------------------
20055.2380085,INFO: -----------------------------------------------------
116.08505249,INFO: ------------ STARTING AEROWAKE SYSTEM ------------
116.259098053,INFO: -------------------- UAV NODE --------------------
116.333007812,INFO: Waiting for Autopilot
10934.5741272,INFO: Autopilot connected!
10935.0271225,WARNING: Autopilot reports arming checks are not standard!
10935.2560043,INFO: Waiting for GCS
20258.8181496,INFO: GCS Connected
20259.3150139,INFO: ------------------SYSTEM IS READY!!------------------
20260.3499889,INFO: -----------------------------------------------------
20360.9540462,INFO: Got GPS lock at 2016-03-04 14:12:37
119.787931442,INFO: ------------ STARTING AEROWAKE SYSTEM ------------
119.962930679,INFO: -------------------- UAV NODE --------------------
120.03493309,INFO: Waiting for Autopilot
11339.4160271,INFO: Autopilot connected!
11339.8821354,WARNING: Autopilot reports arming checks are not standard!
11340.1050568,INFO: Waiting for GCS
20762.0151043,INFO: GCS Connected
20762.294054,INFO: ------------------SYSTEM IS READY!!------------------
20762.3929977,INFO: -----------------------------------------------------
20817.0619011,INFO: Got GPS lock at 2016-03-04 14:14:14
169.999837875,INFO: ------------ STARTING AEROWAKE SYSTEM ------------
172.716856003,INFO: -------------------- UAV NODE --------------------
173.369884491,INFO: Waiting for Autopilot
10893.2938576,INFO: Autopilot connected!
10893.7549591,WARNING: Autopilot reports arming checks are not standard!
10894.0269947,INFO: Waiting for GCS
20211.0869884,INFO: GCS Connected
20211.2669945,INFO: ------------------SYSTEM IS READY!!------------------
20211.3268375,INFO: -----------------------------------------------------
20414.7639275,INFO: Got GPS lock at 2016-03-08 11:28:44
109.365940094,INFO: ------------ STARTING AEROWAKE SYSTEM ------------
109.532833099,INFO: -------------------- UAV NODE --------------------
109.606027603,INFO: Waiting for Autopilot
10927.6180267,INFO: Autopilot connected!
10927.8149605,WARNING: Autopilot reports arming checks are not standard!
10927.875042,INFO: Waiting for GCS
20145.7169056,INFO: GCS Connected
20145.9829807,INFO: ------------------SYSTEM IS READY!!------------------
20146.0859776,INFO: -----------------------------------------------------
20177.672863,INFO: Got GPS lock at 2016-03-08 11:30:32
112.368106842,INFO: ------------ STARTING AEROWAKE SYSTEM ------------
112.537145615,INFO: -------------------- UAV NODE --------------------
112.612009048,INFO: Waiting for Autopilot
11031.8231583,INFO: Autopilot connected!
11032.0711136,WARNING: Autopilot reports arming checks are not standard!
11032.171011,INFO: Waiting for GCS
20249.6230602,INFO: GCS Connected
20250.0860691,INFO: ------------------SYSTEM IS READY!!------------------
20250.3590584,INFO: -----------------------------------------------------
20347.3100662,INFO: Got GPS lock at 2016-03-08 11:32:58
109.804153442,INFO: ------------ STARTING AEROWAKE SYSTEM ------------
109.987020493,INFO: -------------------- UAV NODE --------------------
110.059976578,INFO: Waiting for Autopilot
11428.8229942,INFO: Autopilot connected!
11429.3220043,WARNING: Autopilot reports arming checks are not standard!
11429.5871258,INFO: Waiting for GCS
20647.1669674,INFO: GCS Connected
20647.4351883,INFO: ------------------SYSTEM IS READY!!------------------
20647.534132,INFO: -----------------------------------------------------
20935.9741211,INFO: Got GPS lock at 2016-03-08 11:33:51
113.030195236,INFO: ------------ STARTING AEROWAKE SYSTEM ------------
113.209009171,INFO: -------------------- UAV NODE --------------------
113.293170929,INFO: Waiting for Autopilot
11432.77812,INFO: Autopilot connected!
11432.9650402,WARNING: Autopilot reports arming checks are not standard!
11433.0251217,INFO: Waiting for GCS
20550.0850677,INFO: GCS Connected
20550.5800247,INFO: ------------------SYSTEM IS READY!!------------------
20550.809145,INFO: -----------------------------------------------------
20617.9721355,INFO: Got GPS lock at 2016-03-08 11:40:09
120.820999146,INFO: ------------ STARTING AEROWAKE SYSTEM ------------
120.990037918,INFO: -------------------- UAV NODE --------------------
121.062994003,INFO: Waiting for Autopilot
11238.8010025,INFO: Autopilot connected!
11239.2728329,WARNING: Autopilot reports arming checks are not standard!
11239.4919395,INFO: Waiting for GCS
20257.2948933,INFO: GCS Connected
20257.8129768,INFO: ------------------SYSTEM IS READY!!------------------
20258.0440044,INFO: -----------------------------------------------------
20496.3009357,INFO: Got GPS lock at 2016-03-08 11:40:59
111.196041107,INFO: ------------ STARTING AEROWAKE SYSTEM ------------
111.37509346,INFO: -------------------- UAV NODE --------------------
111.44900322,INFO: Waiting for Autopilot
11030.8711529,INFO: Autopilot connected!
11031.3611031,WARNING: Autopilot reports arming checks are not standard!
11031.5971375,INFO: Waiting for GCS
20147.3040581,INFO: GCS Connected
20147.5729942,INFO: ------------------SYSTEM IS READY!!------------------
20147.6721764,INFO: -----------------------------------------------------
20154.1001797,INFO: Got GPS lock at 2016-03-08 11:44:42
116.896867752,INFO: ------------ STARTING AEROWAKE SYSTEM ------------
117.075920105,INFO: -------------------- UAV NODE --------------------
117.14887619,INFO: Waiting for Autopilot
11535.8109474,INFO: Autopilot connected!
11536.0770226,WARNING: Autopilot reports arming checks are not standard!
11536.1778736,INFO: Waiting for GCS
20356.2610149,INFO: GCS Connected
20356.5349579,INFO: ------------------SYSTEM IS READY!!------------------
20356.6329479,INFO: -----------------------------------------------------
20475.9349823,INFO: Got GPS lock at 2016-03-08 11:48:57
111.693143845,INFO: ------------ STARTING AEROWAKE SYSTEM ------------
111.851930618,INFO: -------------------- UAV NODE --------------------
111.927986145,INFO: Waiting for Autopilot
11231.5769196,INFO: Autopilot connected!
11232.0539951,WARNING: Autopilot reports arming checks are not standard!
11232.2881222,INFO: Waiting for GCS
20048.3579636,INFO: GCS Connected
20048.8770008,INFO: ------------------SYSTEM IS READY!!------------------
20049.0961075,INFO: -----------------------------------------------------
20307.8610897,INFO: Got GPS lock at 2016-03-08 11:52:13
113.524913788,INFO: ------------ STARTING AEROWAKE SYSTEM ------------
113.694906235,INFO: -------------------- UAV NODE --------------------
113.766908646,INFO: Waiting for Autopilot
11334.2080116,INFO: Autopilot connected!
11334.6788883,WARNING: Autopilot reports arming checks are not standard!
11334.9130154,INFO: Waiting for GCS
20952.6059628,INFO: GCS Connected
20953.1168938,INFO: ------------------SYSTEM IS READY!!------------------
20953.3491135,INFO: -----------------------------------------------------
113.689184189,INFO: ------------ STARTING AEROWAKE SYSTEM ------------
113.874197006,INFO: -------------------- UAV NODE --------------------
113.963127136,INFO: Waiting for Autopilot
10731.9881916,INFO: Autopilot connected!
10732.2540283,WARNING: Autopilot reports arming checks are not standard!
10732.3670387,INFO: Waiting for GCS
19246.1771965,INFO: GCS Connected
19246.4401722,INFO: ------------------SYSTEM IS READY!!------------------
19246.5400696,INFO: -----------------------------------------------------
117.347955704,INFO: ------------ STARTING AEROWAKE SYSTEM ------------
117.510080338,INFO: -------------------- UAV NODE --------------------
117.583990097,INFO: Waiting for Autopilot
11137.1760368,INFO: Autopilot connected!
11137.3770237,WARNING: Autopilot reports arming checks are not standard!
11137.4380589,INFO: Waiting for GCS
20755.6109428,INFO: GCS Connected
20756.1590672,INFO: ------------------SYSTEM IS READY!!------------------
20756.3939095,INFO: -----------------------------------------------------
20868.005991,INFO: Got GPS lock at 2016-03-08 11:59:10
113.883972168,INFO: ------------ STARTING AEROWAKE SYSTEM ------------
114.16888237,INFO: -------------------- UAV NODE --------------------
114.307880402,INFO: Waiting for Autopilot
11031.6138268,INFO: Autopilot connected!
11032.1037769,WARNING: Autopilot reports arming checks are not standard!
11032.3309898,INFO: Waiting for GCS
20449.3558407,INFO: GCS Connected
20449.8748779,INFO: ------------------SYSTEM IS READY!!------------------
20450.1109123,INFO: -----------------------------------------------------
20529.5798779,INFO: Got GPS lock at 2016-03-08 12:03:26
112.004041672,INFO: ------------ STARTING AEROWAKE SYSTEM ------------
112.1571064,INFO: -------------------- UAV NODE --------------------
112.234115601,INFO: Waiting for Autopilot
11130.4419041,INFO: Autopilot connected!
11130.9289932,WARNING: Autopilot reports arming checks are not standard!
11131.1509609,INFO: Waiting for GCS
20446.8278885,INFO: GCS Connected
20447.0579624,INFO: ------------------SYSTEM IS READY!!------------------
20447.1371174,INFO: -----------------------------------------------------
20465.0220871,INFO: Got GPS lock at 2016-03-08 12:08:44
118.819952011,INFO: ------------ STARTING AEROWAKE SYSTEM ------------
118.977069855,INFO: -------------------- UAV NODE --------------------
119.051933289,INFO: Waiting for Autopilot
11038.588047,INFO: Autopilot connected!
11038.795948,WARNING: Autopilot reports arming checks are not standard!
11038.8579369,INFO: Waiting for GCS
20255.1050186,INFO: GCS Connected
20255.3939819,INFO: ------------------SYSTEM IS READY!!------------------
20255.5019855,INFO: -----------------------------------------------------
20289.5638943,INFO: Got GPS lock at 2016-03-08 12:10:05
114.403009415,INFO: ------------ STARTING AEROWAKE SYSTEM ------------
114.583969116,INFO: -------------------- UAV NODE --------------------
114.65716362,INFO: Waiting for Autopilot
10932.7139854,INFO: Autopilot connected!
10933.2129955,WARNING: Autopilot reports arming checks are not standard!
10933.4540367,INFO: Waiting for GCS
20349.2441177,INFO: GCS Connected
20349.5361805,INFO: ------------------SYSTEM IS READY!!------------------
20349.6360779,INFO: -----------------------------------------------------
20420.6650257,INFO: Got GPS lock at 2016-03-08 12:36:06
118.853807449,INFO: ------------ STARTING AEROWAKE SYSTEM ------------
119.045972824,INFO: -------------------- UAV NODE --------------------
119.119882584,INFO: Waiting for Autopilot
11537.1079445,INFO: Autopilot connected!
11537.33778,WARNING: Autopilot reports arming checks are not standard!
11537.419796,INFO: Waiting for GCS
20552.5598526,INFO: GCS Connected
20553.0619621,INFO: ------------------SYSTEM IS READY!!------------------
20553.2879829,INFO: -----------------------------------------------------
20759.7839832,INFO: Got GPS lock at 2016-03-08 12:42:34
116.117954254,INFO: ------------ STARTING AEROWAKE SYSTEM ------------
116.312026978,INFO: -------------------- UAV NODE --------------------
116.385936737,INFO: Waiting for Autopilot
11035.1669788,INFO: Autopilot connected!
11035.3658199,WARNING: Autopilot reports arming checks are not standard!
11035.4299545,INFO: Waiting for GCS
20049.8819351,INFO: GCS Connected
20050.0919819,INFO: ------------------SYSTEM IS READY!!------------------
20050.153017,INFO: -----------------------------------------------------
20208.976984,INFO: Got GPS lock at 2016-03-08 12:47:43
121.22797966,INFO: ------------ STARTING AEROWAKE SYSTEM ------------
121.41418457,INFO: -------------------- UAV NODE --------------------
121.486186981,INFO: Waiting for Autopilot
11341.0680294,INFO: Autopilot connected!
11341.5529728,WARNING: Autopilot reports arming checks are not standard!
11341.7890072,INFO: Waiting for GCS
20560.4569912,INFO: GCS Connected
20560.9669685,INFO: ------------------SYSTEM IS READY!!------------------
20561.1941814,INFO: -----------------------------------------------------
20728.7499905,INFO: Got GPS lock at 2016-03-08 13:18:37
119.441986084,INFO: ------------ STARTING AEROWAKE SYSTEM ------------
119.59695816,INFO: -------------------- UAV NODE --------------------
119.672060013,INFO: Waiting for Autopilot
11240.0019169,INFO: Autopilot connected!
11240.4749393,WARNING: Autopilot reports arming checks are not standard!
11240.7000065,INFO: Waiting for GCS
20757.791996,INFO: GCS Connected
20758.0740452,INFO: ------------------SYSTEM IS READY!!------------------
20758.1739426,INFO: -----------------------------------------------------
21038.9549732,INFO: Got GPS lock at 2016-03-08 13:21:19
115.36693573,INFO: ------------ STARTING AEROWAKE SYSTEM ------------
115.551948547,INFO: -------------------- UAV NODE --------------------
115.63706398,INFO: Waiting for Autopilot
11134.636879,INFO: Autopilot connected!
11135.1220608,WARNING: Autopilot reports arming checks are not standard!
11135.3590488,INFO: Waiting for GCS
20455.1260471,INFO: GCS Connected
20455.3990364,INFO: ------------------SYSTEM IS READY!!------------------
20455.5048943,INFO: -----------------------------------------------------
20551.666975,INFO: Got GPS lock at 2016-03-08 13:23:31
108.43205452,INFO: ------------ STARTING AEROWAKE SYSTEM ------------
108.623027802,INFO: -------------------- UAV NODE --------------------
108.695030212,INFO: Waiting for Autopilot
11427.3860455,INFO: Autopilot connected!
11427.9029369,WARNING: Autopilot reports arming checks are not standard!
11428.1508923,INFO: Waiting for GCS
20546.0278988,INFO: GCS Connected
20546.5519428,INFO: ------------------SYSTEM IS READY!!------------------
20546.7860699,INFO: -----------------------------------------------------
20784.8451138,INFO: Got GPS lock at 2016-03-08 13:25:22
120.237827301,INFO: ------------ STARTING AEROWAKE SYSTEM ------------
120.396852493,INFO: -------------------- UAV NODE --------------------
120.470046997,INFO: Waiting for Autopilot
10838.1578922,INFO: Autopilot connected!
10838.6428356,WARNING: Autopilot reports arming checks are not standard!
10838.8729095,INFO: Waiting for GCS
19955.8038712,INFO: GCS Connected
19955.9919834,INFO: ------------------SYSTEM IS READY!!------------------
19956.0649395,INFO: -----------------------------------------------------
19961.2350464,INFO: Got GPS lock at 2016-03-08 13:28:36
113.458156586,INFO: ------------ STARTING AEROWAKE SYSTEM ------------
113.633155823,INFO: -------------------- UAV NODE --------------------
113.707065582,INFO: Waiting for Autopilot
11131.7851543,INFO: Autopilot connected!
11132.2541237,WARNING: Autopilot reports arming checks are not standard!
11132.5230598,INFO: Waiting for GCS
20749.5400906,INFO: GCS Connected
20749.8149872,INFO: ------------------SYSTEM IS READY!!------------------
20749.9229908,INFO: -----------------------------------------------------
21052.891016,INFO: Got GPS lock at 2016-03-08 13:45:15
113.27791214,INFO: ------------ STARTING AEROWAKE SYSTEM ------------
113.466978073,INFO: -------------------- UAV NODE --------------------
113.541841507,INFO: Waiting for Autopilot
11032.227993,INFO: Autopilot connected!
11032.4120522,WARNING: Autopilot reports arming checks are not standard!
11032.476902,INFO: Waiting for GCS
19749.0799427,INFO: GCS Connected
19749.3638992,INFO: ------------------SYSTEM IS READY!!------------------
19749.4628429,INFO: -----------------------------------------------------
19926.3589382,INFO: Got GPS lock at 2016-03-08 13:45:48
114.690065384,INFO: ------------ STARTING AEROWAKE SYSTEM ------------
114.844083786,INFO: -------------------- UAV NODE --------------------
114.916086197,INFO: Waiting for Autopilot
11233.0729961,INFO: Autopilot connected!
11233.2820892,WARNING: Autopilot reports arming checks are not standard!
11233.342886,INFO: Waiting for GCS
19947.7200508,INFO: GCS Connected
19947.9250908,INFO: ------------------SYSTEM IS READY!!------------------
19948.0040073,INFO: -----------------------------------------------------
20153.6860466,INFO: Got GPS lock at 2016-03-08 13:47:17
120.944023132,INFO: ------------ STARTING AEROWAKE SYSTEM ------------
121.12402916,INFO: -------------------- UAV NODE --------------------
121.19603157,INFO: Waiting for Autopilot
11640.6350136,INFO: Autopilot connected!
11641.1099434,WARNING: Autopilot reports arming checks are not standard!
11641.3700581,INFO: Waiting for GCS
21157.8350067,INFO: GCS Connected
21158.3750248,INFO: ------------------SYSTEM IS READY!!------------------
21158.6329937,INFO: -----------------------------------------------------
21302.4539948,INFO: Got GPS lock at 2016-03-08 13:48:15
113.469839096,INFO: ------------ STARTING AEROWAKE SYSTEM ------------
113.651037216,INFO: -------------------- UAV NODE --------------------
113.723993301,INFO: Waiting for Autopilot
11234.8029613,INFO: Autopilot connected!
11234.995842,WARNING: Autopilot reports arming checks are not standard!
11235.0599766,INFO: Waiting for GCS
20550.3818989,INFO: GCS Connected
20550.5750179,INFO: ------------------SYSTEM IS READY!!------------------
20550.634861,INFO: -----------------------------------------------------
20562.9968643,INFO: Got GPS lock at 2016-03-08 13:51:12
114.861011505,INFO: ------------ STARTING AEROWAKE SYSTEM ------------
115.021944046,INFO: -------------------- UAV NODE --------------------
115.09513855,INFO: Waiting for Autopilot
11133.3200932,INFO: Autopilot connected!
11133.808136,WARNING: Autopilot reports arming checks are not standard!
11134.0579987,INFO: Waiting for GCS
20251.7991066,INFO: GCS Connected
20252.2890568,INFO: ------------------SYSTEM IS READY!!------------------
20252.530098,INFO: -----------------------------------------------------
20421.0729599,INFO: Got GPS lock at 2016-03-08 14:02:16
114.454030991,INFO: ------------ STARTING AEROWAKE SYSTEM ------------
114.673852921,INFO: -------------------- UAV NODE --------------------
114.753007889,INFO: Waiting for Autopilot
11633.6829662,INFO: Autopilot connected!
11634.1819763,WARNING: Autopilot reports arming checks are not standard!
11634.4330311,INFO: Waiting for GCS
20750.8969307,INFO: GCS Connected
20751.1029243,INFO: ------------------SYSTEM IS READY!!------------------
20751.1649132,INFO: -----------------------------------------------------
20972.0008373,INFO: Got GPS lock at 2016-03-08 14:03:07
113.512039185,INFO: ------------ STARTING AEROWAKE SYSTEM ------------
113.66891861,INFO: -------------------- UAV NODE --------------------
113.749980927,INFO: Waiting for Autopilot
10731.5211296,INFO: Autopilot connected!
10731.7531109,WARNING: Autopilot reports arming checks are not standard!
10731.8439484,INFO: Waiting for GCS
19848.1619358,INFO: GCS Connected
19848.6530781,INFO: ------------------SYSTEM IS READY!!------------------
19848.9129543,INFO: -----------------------------------------------------
19911.2820625,INFO: Got GPS lock at 2016-03-08 14:04:40
118.634939194,INFO: ------------ STARTING AEROWAKE SYSTEM ------------
118.787050247,INFO: -------------------- UAV NODE --------------------
118.860960007,INFO: Waiting for Autopilot
11537.6560688,INFO: Autopilot connected!
11537.9240513,WARNING: Autopilot reports arming checks are not standard!
11538.022995,INFO: Waiting for GCS
20553.7860394,INFO: GCS Connected
20554.0530682,INFO: ------------------SYSTEM IS READY!!------------------
20554.1620255,INFO: -----------------------------------------------------
20862.8978729,INFO: Got GPS lock at 2016-03-08 14:06:54
118.711233139,INFO: ------------ STARTING AEROWAKE SYSTEM ------------
118.866205215,INFO: -------------------- UAV NODE --------------------
118.938207626,INFO: Waiting for Autopilot
120.338916779,INFO: ------------ STARTING AEROWAKE SYSTEM ------------
120.492935181,INFO: -------------------- UAV NODE --------------------
120.567083359,INFO: Waiting for Autopilot
11438.2340908,INFO: Autopilot connected!
11438.4069443,WARNING: Autopilot reports arming checks are not standard!
11438.4670258,INFO: Waiting for GCS
20356.498003,INFO: GCS Connected
20356.7020893,INFO: ------------------SYSTEM IS READY!!------------------
20356.762886,INFO: -----------------------------------------------------
20492.429018,INFO: Got GPS lock at 2016-03-08 14:07:50
117.053985596,INFO: ------------ STARTING AEROWAKE SYSTEM ------------
117.211103439,INFO: -------------------- UAV NODE --------------------
117.284059525,INFO: Waiting for Autopilot
10936.0260963,INFO: Autopilot connected!
10936.5091324,WARNING: Autopilot reports arming checks are not standard!
10936.7470741,INFO: Waiting for GCS
19853.8339138,INFO: GCS Connected
19854.0401459,INFO: ------------------SYSTEM IS READY!!------------------
19854.0999889,INFO: -----------------------------------------------------
19887.9899979,INFO: Got GPS lock at 2016-03-08 14:09:53
112.68901825,INFO: ------------ STARTING AEROWAKE SYSTEM ------------
112.868070602,INFO: -------------------- UAV NODE --------------------
112.942934036,INFO: Waiting for Autopilot
10831.0420513,INFO: Autopilot connected!
10831.5498829,WARNING: Autopilot reports arming checks are not standard!
10831.7790031,INFO: Waiting for GCS
19747.754097,INFO: GCS Connected
19748.2419014,INFO: ------------------SYSTEM IS READY!!------------------
19748.4679222,INFO: -----------------------------------------------------
19820.1129436,INFO: Got GPS lock at 2016-03-08 14:10:32
113.344192505,INFO: ------------ STARTING AEROWAKE SYSTEM ------------
113.494157791,INFO: -------------------- UAV NODE --------------------
113.569021225,INFO: Waiting for Autopilot
11432.9040051,INFO: Autopilot connected!
11433.1600666,WARNING: Autopilot reports arming checks are not standard!
11433.2602024,INFO: Waiting for GCS
20349.7772217,INFO: GCS Connected
20350.466013,INFO: ------------------SYSTEM IS READY!!------------------
20350.5971432,INFO: -----------------------------------------------------
20369.9290752,INFO: Got GPS lock at 2016-03-08 14:12:23
112.244844437,INFO: ------------ STARTING AEROWAKE SYSTEM ------------
112.402915955,INFO: -------------------- UAV NODE --------------------
112.478017807,INFO: Waiting for Autopilot
10930.672884,INFO: Autopilot connected!
10931.1499596,WARNING: Autopilot reports arming checks are not standard!
10931.3778877,INFO: Waiting for GCS
20247.9598522,INFO: GCS Connected
20248.2130527,INFO: ------------------SYSTEM IS READY!!------------------
20248.3110428,INFO: -----------------------------------------------------
20498.2750416,INFO: Got GPS lock at 2016-03-08 15:56:43
106.240987778,INFO: ------------ STARTING AEROWAKE SYSTEM ------------
106.383085251,INFO: -------------------- UAV NODE --------------------
106.460094452,INFO: Waiting for Autopilot
1208.94598961,INFO: Autopilot connected!
1209.15102959,INFO: Waiting for GCS
1911.26298904,INFO: GCS Connected
1911.48114204,INFO: ------------------SYSTEM IS READY!!------------------
1911.61203384,INFO: -----------------------------------------------------
1924.82709885,INFO: Got GPS lock at 2016-03-11 11:33:33
100.221157074,INFO: ------------ STARTING AEROWAKE SYSTEM ------------
100.363016129,INFO: -------------------- UAV NODE --------------------
100.440979004,INFO: Waiting for Autopilot
1503.67617607,INFO: Autopilot connected!
1503.95703316,INFO: Waiting for GCS
2206.49814606,INFO: GCS Connected
2206.80117607,INFO: ------------------SYSTEM IS READY!!------------------
2206.96115494,INFO: -----------------------------------------------------
2421.93818092,INFO: Got GPS lock at 2016-03-11 11:37:41
109.952926636,INFO: ------------ STARTING AEROWAKE SYSTEM ------------
110.110044479,INFO: -------------------- UAV NODE --------------------
110.203027725,INFO: Waiting for Autopilot
1212.96596527,INFO: Autopilot connected!
1213.23299408,INFO: Waiting for GCS
1915.78197479,INFO: GCS Connected
1915.96889496,INFO: ------------------SYSTEM IS READY!!------------------
1916.04399681,INFO: -----------------------------------------------------
1919.46196556,INFO: Got GPS lock at 2016-03-11 11:56:32
110.146999359,INFO: ------------ STARTING AEROWAKE SYSTEM ------------
110.29291153,INFO: -------------------- UAV NODE --------------------
110.373973846,INFO: Waiting for Autopilot
1012.8698349,INFO: Autopilot connected!
1013.06581497,INFO: Waiting for GCS
1815.61994553,INFO: GCS Connected
1815.83380699,INFO: ------------------SYSTEM IS READY!!------------------
1815.90795517,INFO: -----------------------------------------------------
1820.66178322,INFO: Got GPS lock at 2016-03-11 11:58:19
105.703115463,INFO: ------------ STARTING AEROWAKE SYSTEM ------------
105.857133865,INFO: -------------------- UAV NODE --------------------
105.962991714,INFO: Waiting for Autopilot
1609.09509659,INFO: Autopilot connected!
1609.23218727,INFO: Waiting for GCS
3112.16807365,INFO: GCS Connected
3112.43009567,INFO: ------------------SYSTEM IS READY!!------------------
3112.5562191,INFO: -----------------------------------------------------
3127.65312195,INFO: Got GPS lock at 2016-03-11 11:58:57
112.47587204,INFO: ------------ STARTING AEROWAKE SYSTEM ------------
112.601995468,INFO: -------------------- UAV NODE --------------------
112.675905228,INFO: Waiting for Autopilot
1615.88382721,INFO: Autopilot connected!
1616.18185043,INFO: Waiting for GCS
2218.57380867,INFO: GCS Connected
2218.85180473,INFO: ------------------SYSTEM IS READY!!------------------
2218.98078918,INFO: -----------------------------------------------------
2225.64387321,INFO: Got GPS lock at 2016-03-11 11:59:23
104.364871979,INFO: ------------ STARTING AEROWAKE SYSTEM ------------
104.505777359,INFO: -------------------- UAV NODE --------------------
104.583978653,INFO: Waiting for Autopilot
1607.69677162,INFO: Autopilot connected!
1607.98478127,INFO: Waiting for GCS
2310.67800522,INFO: GCS Connected
2310.92977524,INFO: ------------------SYSTEM IS READY!!------------------
2311.13481522,INFO: -----------------------------------------------------
2395.25485039,INFO: Got GPS lock at 2016-03-11 12:01:43
65.6712055206,INFO: ------------ STARTING AEROWAKE SYSTEM ------------
65.7761096954,INFO: -------------------- UAV NODE --------------------
65.8340454102,INFO: Waiting for Autopilot
867.606163025,INFO: Autopilot connected!
867.772102356,INFO: Waiting for GCS
2270.46012878,INFO: GCS Connected
2270.64204216,INFO: ------------------SYSTEM IS READY!!------------------
2270.7130909,INFO: -----------------------------------------------------
2314.59116936,INFO: Got GPS lock at 2016-03-14 09:41:22
64.3770694733,INFO: ------------ STARTING AEROWAKE SYSTEM ------------
64.4879341125,INFO: -------------------- UAV NODE --------------------
64.5451545715,INFO: Waiting for Autopilot
1166.62502289,INFO: Autopilot connected!
1166.79596901,INFO: Waiting for GCS
2669.45099831,INFO: GCS Connected
2669.62099075,INFO: ------------------SYSTEM IS READY!!------------------
2669.67916489,INFO: -----------------------------------------------------
2674.84998703,INFO: Got GPS lock at 2016-03-14 09:42:51
78.0501365662,INFO: ------------ STARTING AEROWAKE SYSTEM ------------
78.2070159912,INFO: -------------------- UAV NODE --------------------
78.3050060272,INFO: Waiting for Autopilot
980.485200882,INFO: Autopilot connected!
980.650186539,INFO: Waiting for GCS
1482.13815689,INFO: GCS Connected
1482.42712021,INFO: ------------------SYSTEM IS READY!!------------------
1482.76209831,INFO: -----------------------------------------------------
1487.41412163,INFO: Got GPS lock at 2016-03-14 09:46:35
109.097003937,INFO: ------------ STARTING AEROWAKE SYSTEM ------------
109.384775162,INFO: -------------------- UAV NODE --------------------
109.480857849,INFO: Waiting for Autopilot
1612.48683929,INFO: Autopilot connected!
1612.64300346,INFO: Waiting for GCS
2614.84599113,INFO: GCS Connected
2615.14878273,INFO: ------------------SYSTEM IS READY!!------------------
2615.30399323,INFO: -----------------------------------------------------
106.43196106,INFO: ------------ STARTING AEROWAKE SYSTEM ------------
106.559038162,INFO: -------------------- UAV NODE --------------------
106.634140015,INFO: Waiting for Autopilot
1409.55805779,INFO: Autopilot connected!
1409.86800194,INFO: Waiting for GCS
2212.94498444,INFO: GCS Connected
2213.38105202,INFO: ------------------SYSTEM IS READY!!------------------
2214.07294273,INFO: -----------------------------------------------------
2214.62917328,INFO: Got GPS lock at 2016-03-15 20:33:37
113.475799561,INFO: ------------ STARTING AEROWAKE SYSTEM ------------
113.634824753,INFO: -------------------- UAV NODE --------------------
113.736867905,INFO: Waiting for Autopilot
1116.71686172,INFO: Autopilot connected!
1116.97888374,INFO: Waiting for GCS
2019.9098587,INFO: GCS Connected
2020.11179924,INFO: ------------------SYSTEM IS READY!!------------------
2020.24483681,INFO: -----------------------------------------------------
2022.04799652,INFO: Got GPS lock at 2016-03-15 20:34:36
92.7140712738,INFO: ------------ STARTING AEROWAKE SYSTEM ------------
92.8308963776,INFO: -------------------- UAV NODE --------------------
92.9009914398,INFO: Waiting for Autopilot
1295.5019474,INFO: Autopilot connected!
1295.66597939,INFO: Waiting for GCS
2197.49999046,INFO: GCS Connected
2197.65090942,INFO: ------------------SYSTEM IS READY!!------------------
2197.71790504,INFO: -----------------------------------------------------
2245.75591087,INFO: Got GPS lock at 2016-03-15 21:04:56
101.959943771,INFO: ------------ STARTING AEROWAKE SYSTEM ------------
102.095842361,INFO: -------------------- UAV NODE --------------------
102.16999054,INFO: Waiting for Autopilot
1505.44285774,INFO: Autopilot connected!
1505.7349205,INFO: Waiting for GCS
2408.58697891,INFO: GCS Connected
2408.74886513,INFO: ------------------SYSTEM IS READY!!------------------
2408.80990028,INFO: -----------------------------------------------------
2413.19179535,INFO: Got GPS lock at 2016-03-15 21:08:10
106.428861618,INFO: ------------ STARTING AEROWAKE SYSTEM ------------
106.573820114,INFO: -------------------- UAV NODE --------------------
106.654882431,INFO: Waiting for Autopilot
908.849000931,INFO: Autopilot connected!
909.227848053,INFO: Waiting for GCS
1914.06393051,INFO: GCS Connected
1914.28780556,INFO: ------------------SYSTEM IS READY!!------------------
1914.44683075,INFO: -----------------------------------------------------
1917.0088768,INFO: Got GPS lock at 2016-03-15 21:08:31
113.620996475,INFO: ------------ STARTING AEROWAKE SYSTEM ------------
113.763093948,INFO: -------------------- UAV NODE --------------------
113.847017288,INFO: Waiting for Autopilot
1617.15888977,INFO: Autopilot connected!
1617.39087105,INFO: Waiting for GCS
2620.15104294,INFO: GCS Connected
2620.39709091,INFO: ------------------SYSTEM IS READY!!------------------
2620.48888206,INFO: -----------------------------------------------------
2653.10096741,INFO: Got GPS lock at 2016-03-15 21:09:37
114.809036255,INFO: ------------ STARTING AEROWAKE SYSTEM ------------
114.979028702,INFO: -------------------- UAV NODE --------------------
115.097045898,INFO: Waiting for Autopilot
1018.50485802,INFO: Autopilot connected!
1018.75591278,INFO: Waiting for GCS
1821.97403908,INFO: GCS Connected
1822.16787338,INFO: ------------------SYSTEM IS READY!!------------------
1822.25084305,INFO: -----------------------------------------------------
1869.26698685,INFO: Got GPS lock at 2016-03-15 21:10:23
98.2019901276,INFO: ------------ STARTING AEROWAKE SYSTEM ------------
98.3340740204,INFO: -------------------- UAV NODE --------------------
98.4070301056,INFO: Waiting for Autopilot
1201.31206512,INFO: Autopilot connected!
1201.5440464,INFO: Waiting for GCS
2204.38218117,INFO: GCS Connected
2204.65302467,INFO: ------------------SYSTEM IS READY!!------------------
2204.75411415,INFO: -----------------------------------------------------
2208.17804337,INFO: Got GPS lock at 2016-03-15 21:11:45
71.1350440979,INFO: ------------ STARTING AEROWAKE SYSTEM ------------
71.2640285492,INFO: -------------------- UAV NODE --------------------
71.3391304016,INFO: Waiting for Autopilot
1273.86903763,INFO: Autopilot connected!
1274.15418625,INFO: Waiting for GCS
2176.52416229,INFO: GCS Connected
2176.69010162,INFO: ------------------SYSTEM IS READY!!------------------
2176.77497864,INFO: -----------------------------------------------------
2269.92702484,INFO: Got GPS lock at 2016-03-15 21:12:09
98.8759994507,INFO: ------------ STARTING AEROWAKE SYSTEM ------------
99.0359783173,INFO: -------------------- UAV NODE --------------------
99.112033844,INFO: Waiting for Autopilot
700.845003128,INFO: Autopilot connected!
701.043844223,INFO: Waiting for GCS
1803.46393585,INFO: GCS Connected
1803.66587639,INFO: ------------------SYSTEM IS READY!!------------------
1803.73692513,INFO: -----------------------------------------------------
1826.07007027,INFO: Got GPS lock at 2016-03-15 21:13:01
101.552009583,INFO: ------------ STARTING AEROWAKE SYSTEM ------------
101.684093475,INFO: -------------------- UAV NODE --------------------
101.758003235,INFO: Waiting for Autopilot
1304.69703674,INFO: Autopilot connected!
1304.97503281,INFO: Waiting for GCS
2307.51395226,INFO: GCS Connected
2307.66105652,INFO: ------------------SYSTEM IS READY!!------------------
2307.7249527,INFO: -----------------------------------------------------
2321.62809372,INFO: Got GPS lock at 2016-03-15 21:21:17
90.4240608215,INFO: ------------ STARTING AEROWAKE SYSTEM ------------
90.5539989471,INFO: -------------------- UAV NODE --------------------
90.6269550323,INFO: Waiting for Autopilot
792.703151703,INFO: Autopilot connected!
792.987108231,INFO: Waiting for GCS
1695.43099403,INFO: GCS Connected
1695.63698769,INFO: ------------------SYSTEM IS READY!!------------------
1695.72710991,INFO: -----------------------------------------------------
1713.39797974,INFO: Got GPS lock at 2016-03-15 21:23:29
99.0190505981,INFO: ------------ STARTING AEROWAKE SYSTEM ------------
99.1549491882,INFO: -------------------- UAV NODE --------------------
99.2300510406,INFO: Waiting for Autopilot
1702.37898827,INFO: Autopilot connected!
1702.50606537,INFO: Waiting for GCS
2704.60796356,INFO: GCS Connected
2704.75697517,INFO: ------------------SYSTEM IS READY!!------------------
2704.81610298,INFO: -----------------------------------------------------
2718.36400032,INFO: Got GPS lock at 2016-03-15 21:24:38
111.217021942,INFO: ------------ STARTING AEROWAKE SYSTEM ------------
111.359119415,INFO: -------------------- UAV NODE --------------------
111.437082291,INFO: Waiting for Autopilot
1013.50498199,INFO: Autopilot connected!
1013.66496086,INFO: Waiting for GCS
2015.87510109,INFO: GCS Connected
2016.0241127,INFO: ------------------SYSTEM IS READY!!------------------
2016.09897614,INFO: -----------------------------------------------------
2024.15108681,INFO: Got GPS lock at 2016-03-15 21:38:57
88.2179737091,INFO: ------------ STARTING AEROWAKE SYSTEM ------------
88.3440971375,INFO: -------------------- UAV NODE --------------------
88.4139537811,INFO: Waiting for Autopilot
1591.62902832,INFO: Autopilot connected!
1591.79401398,INFO: Waiting for GCS
2293.64800453,INFO: GCS Connected
2293.81108284,INFO: ------------------SYSTEM IS READY!!------------------
2293.87116432,INFO: -----------------------------------------------------
2395.2960968,INFO: Got GPS lock at 2016-03-15 21:39:29
66.025018692,INFO: ------------ STARTING AEROWAKE SYSTEM ------------
66.1461353302,INFO: -------------------- UAV NODE --------------------
66.2460327148,INFO: Waiting for Autopilot
868.335008621,INFO: Autopilot connected!
868.57008934,INFO: Waiting for GCS
1671.04196548,INFO: GCS Connected
1671.21696472,INFO: ------------------SYSTEM IS READY!!------------------
1671.27013206,INFO: -----------------------------------------------------
1798.22707176,INFO: Got GPS lock at 2016-03-15 21:39:58
115.082025528,INFO: ------------ STARTING AEROWAKE SYSTEM ------------
115.252971649,INFO: -------------------- UAV NODE --------------------
115.373134613,INFO: Waiting for Autopilot
1518.73803139,INFO: Autopilot connected!
1518.95594597,INFO: Waiting for GCS
2521.45409584,INFO: GCS Connected
2521.60596848,INFO: ------------------SYSTEM IS READY!!------------------
2521.72207832,INFO: -----------------------------------------------------
2541.10813141,INFO: Got GPS lock at 2016-03-15 21:40:42
100.390911102,INFO: ------------ STARTING AEROWAKE SYSTEM ------------
100.530862808,INFO: -------------------- UAV NODE --------------------
100.610971451,INFO: Waiting for Autopilot
1103.20091248,INFO: Autopilot connected!
1103.47390175,INFO: Waiting for GCS
2006.08706474,INFO: GCS Connected
2006.34789467,INFO: ------------------SYSTEM IS READY!!------------------
2006.44302368,INFO: -----------------------------------------------------
2180.17506599,INFO: Got GPS lock at 2016-03-15 21:42:43
96.8070030212,INFO: ------------ STARTING AEROWAKE SYSTEM ------------
96.9371795654,INFO: -------------------- UAV NODE --------------------
97.0032215118,INFO: Waiting for Autopilot
1099.29299355,INFO: Autopilot connected!
1099.47919846,INFO: Waiting for GCS
1901.52311325,INFO: GCS Connected
1901.73220634,INFO: ------------------SYSTEM IS READY!!------------------
1901.82900429,INFO: -----------------------------------------------------
1943.35913658,INFO: Got GPS lock at 2016-03-15 21:55:38
92.1161174774,INFO: ------------ STARTING AEROWAKE SYSTEM ------------
92.2770500183,INFO: -------------------- UAV NODE --------------------
92.3759937286,INFO: Waiting for Autopilot
694.408893585,INFO: Autopilot connected!
694.561958313,INFO: Waiting for GCS
1496.44303322,INFO: GCS Connected
1496.62303925,INFO: ------------------SYSTEM IS READY!!------------------
1496.70600891,INFO: -----------------------------------------------------
1700.90603828,INFO: Got GPS lock at 2016-03-15 21:56:29
90.3098583221,INFO: ------------ STARTING AEROWAKE SYSTEM ------------
90.4619693756,INFO: -------------------- UAV NODE --------------------
90.548992157,INFO: Waiting for Autopilot
1293.35594177,INFO: Autopilot connected!
1293.63584518,INFO: Waiting for GCS
2096.33398056,INFO: GCS Connected
2096.4717865,INFO: ------------------SYSTEM IS READY!!------------------
2096.52781487,INFO: -----------------------------------------------------
2147.11594582,INFO: Got GPS lock at 2016-03-15 21:57:04
101.656198502,INFO: ------------ STARTING AEROWAKE SYSTEM ------------
101.808071136,INFO: -------------------- UAV NODE --------------------
101.931095123,INFO: Waiting for Autopilot
1004.09317017,INFO: Autopilot connected!
1004.35113907,INFO: Waiting for GCS
1806.80322647,INFO: GCS Connected
1807.18803406,INFO: ------------------SYSTEM IS READY!!------------------
1807.37519264,INFO: -----------------------------------------------------
1808.43305588,INFO: Got GPS lock at 2016-03-15 21:57:55
85.3600502014,INFO: ------------ STARTING AEROWAKE SYSTEM ------------
85.5040550232,INFO: -------------------- UAV NODE --------------------
85.5851173401,INFO: Waiting for Autopilot
1188.45391273,INFO: Autopilot connected!
1188.64703178,INFO: Waiting for GCS
1891.24393463,INFO: GCS Connected
1891.67904854,INFO: ------------------SYSTEM IS READY!!------------------
1892.0109272,INFO: -----------------------------------------------------
1943.31908226,INFO: Got GPS lock at 2016-03-15 22:43:41
99.0340709686,INFO: ------------ STARTING AEROWAKE SYSTEM ------------
99.1680622101,INFO: -------------------- UAV NODE --------------------
99.258184433,INFO: Waiting for Autopilot
1101.69315338,INFO: Autopilot connected!
1101.91321373,INFO: Waiting for GCS
1703.94015312,INFO: GCS Connected
1704.0951252,INFO: ------------------SYSTEM IS READY!!------------------
1704.18119431,INFO: -----------------------------------------------------
1744.09413338,INFO: Got GPS lock at 2016-03-15 22:44:02
93.8129425049,INFO: ------------ STARTING AEROWAKE SYSTEM ------------
93.9400196075,INFO: -------------------- UAV NODE --------------------
94.0198898315,INFO: Waiting for Autopilot
1196.61188126,INFO: Autopilot connected!
1196.90203667,INFO: Waiting for GCS
1999.7959137,INFO: GCS Connected
1999.94802475,INFO: ------------------SYSTEM IS READY!!------------------
2000.00691414,INFO: -----------------------------------------------------
2040.19093513,INFO: Got GPS lock at 2016-03-15 22:44:31
101.325035095,INFO: ------------ STARTING AEROWAKE SYSTEM ------------
101.464033127,INFO: -------------------- UAV NODE --------------------
101.543903351,INFO: Waiting for Autopilot
1304.30102348,INFO: Autopilot connected!
1304.58688736,INFO: Waiting for GCS
2106.83894157,INFO: GCS Connected
2106.99796677,INFO: ------------------SYSTEM IS READY!!------------------
2107.08403587,INFO: -----------------------------------------------------
2154.90007401,INFO: Got GPS lock at 2016-03-15 22:44:54
88.3641242981,INFO: ------------ STARTING AEROWAKE SYSTEM ------------
88.5009765625,INFO: -------------------- UAV NODE --------------------
88.5770320892,INFO: Waiting for Autopilot
1491.82009697,INFO: Autopilot connected!
1492.10715294,INFO: Waiting for GCS
2194.32616234,INFO: GCS Connected
2194.49996948,INFO: ------------------SYSTEM IS READY!!------------------
2194.57101822,INFO: -----------------------------------------------------
2197.52812386,INFO: Got GPS lock at 2016-03-15 22:45:13
97.2278118134,INFO: ------------ STARTING AEROWAKE SYSTEM ------------
97.3689556122,INFO: -------------------- UAV NODE --------------------
97.4488258362,INFO: Waiting for Autopilot
899.461984634,INFO: Autopilot connected!
899.716854095,INFO: Waiting for GCS
1601.86100006,INFO: GCS Connected
1602.05388069,INFO: ------------------SYSTEM IS READY!!------------------
1602.12802887,INFO: -----------------------------------------------------
1651.9048214,INFO: Got GPS lock at 2016-03-15 22:45:35
109.050035477,INFO: ------------ STARTING AEROWAKE SYSTEM ------------
109.197854996,INFO: -------------------- UAV NODE --------------------
109.279870987,INFO: Waiting for Autopilot
1312.19696999,INFO: Autopilot connected!
1312.49499321,INFO: Waiting for GCS
2215.21902084,INFO: GCS Connected
2215.39902687,INFO: ------------------SYSTEM IS READY!!------------------
2215.47102928,INFO: -----------------------------------------------------
2246.40798569,INFO: Got GPS lock at 2016-03-15 22:46:24
101.920843124,INFO: ------------ STARTING AEROWAKE SYSTEM ------------
102.063894272,INFO: -------------------- UAV NODE --------------------
102.141857147,INFO: Waiting for Autopilot
1404.97684479,INFO: Autopilot connected!
1405.30085564,INFO: Waiting for GCS
2411.10301018,INFO: GCS Connected
2411.38696671,INFO: ------------------SYSTEM IS READY!!------------------
2411.52381897,INFO: -----------------------------------------------------
2423.67100716,INFO: Got GPS lock at 2016-03-15 22:46:46
99.1470813751,INFO: ------------ STARTING AEROWAKE SYSTEM ------------
99.2751121521,INFO: -------------------- UAV NODE --------------------
99.3511676788,INFO: Waiting for Autopilot
1302.13117599,INFO: Autopilot connected!
1302.44207382,INFO: Waiting for GCS
2204.81419563,INFO: GCS Connected
2205.00516891,INFO: ------------------SYSTEM IS READY!!------------------
2205.08217812,INFO: -----------------------------------------------------
2221.98414803,INFO: Got GPS lock at 2016-03-15 22:47:08
91.1090373993,INFO: ------------ STARTING AEROWAKE SYSTEM ------------
91.2299156189,INFO: -------------------- UAV NODE --------------------
91.3019180298,INFO: Waiting for Autopilot
1494.13204193,INFO: Autopilot connected!
1494.33493614,INFO: Waiting for GCS
2597.18894958,INFO: GCS Connected
2597.40900993,INFO: ------------------SYSTEM IS READY!!------------------
2597.50294685,INFO: -----------------------------------------------------
2608.00290108,INFO: Got GPS lock at 2016-03-15 22:47:54
85.5538845062,INFO: ------------ STARTING AEROWAKE SYSTEM ------------
85.6699943542,INFO: -------------------- UAV NODE --------------------
85.7379436493,INFO: Waiting for Autopilot
1488.50798607,INFO: Autopilot connected!
1488.7149334,INFO: Waiting for GCS
2591.25900269,INFO: GCS Connected
2591.49098396,INFO: ------------------SYSTEM IS READY!!------------------
2591.63999557,INFO: -----------------------------------------------------
2608.19292068,INFO: Got GPS lock at 2016-03-15 22:48:18
109.584093094,INFO: ------------ STARTING AEROWAKE SYSTEM ------------
109.747886658,INFO: -------------------- UAV NODE --------------------
109.842061996,INFO: Waiting for Autopilot
1012.10188866,INFO: Autopilot connected!
1012.4130249,INFO: Waiting for GCS
2115.75508118,INFO: GCS Connected
2115.96894264,INFO: ------------------SYSTEM IS READY!!------------------
2116.05405807,INFO: -----------------------------------------------------
2186.75708771,INFO: Got GPS lock at 2016-03-15 22:48:45
102.888822556,INFO: ------------ STARTING AEROWAKE SYSTEM ------------
103.022813797,INFO: -------------------- UAV NODE --------------------
103.10292244,INFO: Waiting for Autopilot
1706.14886284,INFO: Autopilot connected!
1706.33888245,INFO: Waiting for GCS
2608.3278656,INFO: GCS Connected
2608.60300064,INFO: ------------------SYSTEM IS READY!!------------------
2608.75678062,INFO: -----------------------------------------------------
2611.86981201,INFO: Got GPS lock at 2016-03-15 22:50:18
69.9789524078,INFO: ------------ STARTING AEROWAKE SYSTEM ------------
70.0788497925,INFO: -------------------- UAV NODE --------------------
70.1467990875,INFO: Waiting for Autopilot
972.280979156,INFO: Autopilot connected!
972.611904144,INFO: Waiting for GCS
1975.56495667,INFO: GCS Connected
1975.73399544,INFO: ------------------SYSTEM IS READY!!------------------
1975.79503059,INFO: -----------------------------------------------------
1993.18695068,INFO: Got GPS lock at 2016-03-15 22:51:33
94.9060916901,INFO: ------------ STARTING AEROWAKE SYSTEM ------------
95.0500965118,INFO: -------------------- UAV NODE --------------------
95.1471328735,INFO: Waiting for Autopilot
1698.48918915,INFO: Autopilot connected!
1698.70710373,INFO: Waiting for GCS
2701.35712624,INFO: GCS Connected
2701.63607597,INFO: ------------------SYSTEM IS READY!!------------------
2701.85899734,INFO: -----------------------------------------------------
2740.32115936,INFO: Got GPS lock at 2016-03-15 22:51:56
111.226797104,INFO: ------------ STARTING AEROWAKE SYSTEM ------------
111.344814301,INFO: -------------------- UAV NODE --------------------
111.411809921,INFO: Waiting for Autopilot
1314.06188011,INFO: Autopilot connected!
1314.35799599,INFO: Waiting for GCS
2417.21796989,INFO: GCS Connected
2417.37389565,INFO: ------------------SYSTEM IS READY!!------------------
2417.43588448,INFO: -----------------------------------------------------
2451.97176933,INFO: Got GPS lock at 2016-03-15 22:52:58
107.496023178,INFO: ------------ STARTING AEROWAKE SYSTEM ------------
107.671022415,INFO: -------------------- UAV NODE --------------------
107.783079147,INFO: Waiting for Autopilot
1310.40501595,INFO: Autopilot connected!
1310.66012383,INFO: Waiting for GCS
2213.0279541,INFO: GCS Connected
2213.19913864,INFO: ------------------SYSTEM IS READY!!------------------
2213.28496933,INFO: -----------------------------------------------------
2228.15012932,INFO: Got GPS lock at 2016-03-15 22:53:32
101.392030716,INFO: ------------ STARTING AEROWAKE SYSTEM ------------
101.532936096,INFO: -------------------- UAV NODE --------------------
101.615905762,INFO: Waiting for Autopilot
1504.50706482,INFO: Autopilot connected!
1504.84108925,INFO: Waiting for GCS
2508.12005997,INFO: GCS Connected
2508.2681179,INFO: ------------------SYSTEM IS READY!!------------------
2508.33106041,INFO: -----------------------------------------------------
2518.59307289,INFO: Got GPS lock at 2016-03-15 22:53:53
109.341859818,INFO: ------------ STARTING AEROWAKE SYSTEM ------------
109.4789505,INFO: -------------------- UAV NODE --------------------
109.560966492,INFO: Waiting for Autopilot
911.731958389,INFO: Autopilot connected!
912.034034729,INFO: Waiting for GCS
1814.47100639,INFO: GCS Connected
1814.67890739,INFO: ------------------SYSTEM IS READY!!------------------
1814.75496292,INFO: -----------------------------------------------------
1816.36595726,INFO: Got GPS lock at 2016-03-15 22:54:17
98.5279083252,INFO: ------------ STARTING AEROWAKE SYSTEM ------------
98.6559391022,INFO: -------------------- UAV NODE --------------------
98.7370014191,INFO: Waiting for Autopilot
1000.841856,INFO: Autopilot connected!
1001.05285645,INFO: Waiting for GCS
1903.13100815,INFO: GCS Connected
1903.53083611,INFO: ------------------SYSTEM IS READY!!------------------
1903.93400192,INFO: -----------------------------------------------------
1904.98995781,INFO: Got GPS lock at 2016-03-15 22:54:36
112.315893173,INFO: ------------ STARTING AEROWAKE SYSTEM ------------
112.455844879,INFO: -------------------- UAV NODE --------------------
112.540960312,INFO: Waiting for Autopilot
914.837837219,INFO: Autopilot connected!
915.208816528,INFO: Waiting for GCS
1818.70102882,INFO: GCS Connected
1818.86482239,INFO: ------------------SYSTEM IS READY!!------------------
1818.94993782,INFO: -----------------------------------------------------
1843.6858654,INFO: Got GPS lock at 2016-03-15 22:59:11
128.298997879,INFO: ------------ STARTING AEROWAKE SYSTEM ------------
128.710985184,INFO: -------------------- UAV NODE --------------------
128.837823868,INFO: Waiting for Autopilot
1331.80403709,INFO: Autopilot connected!
1332.07583427,INFO: Waiting for GCS
2234.84492302,INFO: GCS Connected
2235.06784439,INFO: ------------------SYSTEM IS READY!!------------------
2235.17799377,INFO: -----------------------------------------------------
2239.03083801,INFO: Got GPS lock at 2016-03-17 09:47:19
100.947856903,INFO: ------------ STARTING AEROWAKE SYSTEM ------------
101.101875305,INFO: -------------------- UAV NODE --------------------
101.181983948,INFO: Waiting for Autopilot
1003.52787971,INFO: Autopilot connected!
1003.80802155,INFO: Waiting for GCS
1806.35499954,INFO: GCS Connected
1806.5059185,INFO: ------------------SYSTEM IS READY!!------------------
1806.58793449,INFO: -----------------------------------------------------
1808.77804756,INFO: Got GPS lock at 2016-03-17 09:48:17
93.4851169586,INFO: ------------ STARTING AEROWAKE SYSTEM ------------
93.6200618744,INFO: -------------------- UAV NODE --------------------
93.6970710754,INFO: Waiting for Autopilot
1596.58098221,INFO: Autopilot connected!
1596.84205055,INFO: Waiting for GCS
2399.42502975,INFO: GCS Connected
2399.59096909,INFO: ------------------SYSTEM IS READY!!------------------
2399.64818954,INFO: -----------------------------------------------------
2402.30298042,INFO: Got GPS lock at 2016-03-17 09:48:44
110.504865646,INFO: ------------ STARTING AEROWAKE SYSTEM ------------
110.647916794,INFO: -------------------- UAV NODE --------------------
110.733985901,INFO: Waiting for Autopilot
1614.12596703,INFO: Autopilot connected!
1614.47000504,INFO: Waiting for GCS
2416.89181328,INFO: GCS Connected
2417.10877419,INFO: ------------------SYSTEM IS READY!!------------------
2417.23680496,INFO: -----------------------------------------------------
2433.75992775,INFO: Got GPS lock at 2016-03-17 09:49:59
116.896152496,INFO: ------------ STARTING AEROWAKE SYSTEM ------------
117.042064667,INFO: -------------------- UAV NODE --------------------
117.156982422,INFO: Waiting for Autopilot
718.969106674,INFO: Autopilot connected!
719.098091125,INFO: Waiting for GCS
1420.83907127,INFO: GCS Connected
1421.32306099,INFO: ------------------SYSTEM IS READY!!------------------
1421.44107819,INFO: -----------------------------------------------------
1462.86821365,INFO: Got GPS lock at 2016-03-17 09:50:17
100.347995758,INFO: ------------ STARTING AEROWAKE SYSTEM ------------
100.470066071,INFO: -------------------- UAV NODE --------------------
100.54397583,INFO: Waiting for Autopilot
1503.45897675,INFO: Autopilot connected!
1503.65805626,INFO: Waiting for GCS
2405.79414368,INFO: GCS Connected
2406.04615211,INFO: ------------------SYSTEM IS READY!!------------------
2406.15916252,INFO: -----------------------------------------------------
2421.37813568,INFO: Got GPS lock at 2016-03-17 09:51:08
