10861.9229794,INFO: ------------ STARTING AEROWAKE SYSTEM ------------
10862.1280193,INFO: -------------------- GCS NODE --------------------
12873.5451698,INFO: Waiting for Pixhawk
14076.8091679,INFO: Pixhawk connected!
14077.0030022,INFO: ------------------SYSTEM IS READY!!------------------
14077.0671368,INFO: -----------------------------------------------------
14172.1642017,INFO: Got GPS lock at 2016-03-14 11:45:31
2367.49696732,INFO: ------------ STARTING AEROWAKE SYSTEM ------------
2367.65003204,INFO: -------------------- GCS NODE --------------------
4376.57094002,INFO: Waiting for Pixhawk
5679.73613739,INFO: Pixhawk connected!
5679.90803719,INFO: ------------------SYSTEM IS READY!!------------------
5680.01008034,INFO: -----------------------------------------------------
5738.4250164,INFO: Got GPS lock at 2016-03-14 11:45:52
4186.92183495,INFO: ------------ STARTING AEROWAKE SYSTEM ------------
4187.1278286,INFO: -------------------- GCS NODE --------------------
6196.20895386,INFO: Waiting for Pixhawk
6998.71897697,INFO: Pixhawk connected!
6998.89397621,INFO: ------------------SYSTEM IS READY!!------------------
6998.9490509,INFO: -----------------------------------------------------
7096.37594223,INFO: Got GPS lock at 2016-03-14 11:47:18
4520.56598663,INFO: ------------ STARTING AEROWAKE SYSTEM ------------
4522.4840641,INFO: -------------------- GCS NODE --------------------
6539.62206841,INFO: Waiting for Pixhawk
7943.97592545,INFO: Pixhawk connected!
7944.23890114,INFO: ------------------SYSTEM IS READY!!------------------
7944.35405731,INFO: -----------------------------------------------------
7978.36685181,INFO: Got GPS lock at 2016-03-14 12:12:25
133.203029633,INFO: ------------ STARTING AEROWAKE SYSTEM ------------
133.35609436,INFO: -------------------- GCS NODE --------------------
2150.11000633,INFO: Waiting for Pixhawk
3457.39603043,INFO: Pixhawk connected!
3457.65399933,INFO: ------------------SYSTEM IS READY!!------------------
3457.7870369,INFO: -----------------------------------------------------
3533.83398056,INFO: Got GPS lock at 2016-03-14 12:13:09
130.734920502,INFO: ------------ STARTING AEROWAKE SYSTEM ------------
130.887031555,INFO: -------------------- GCS NODE --------------------
2147.53293991,INFO: Waiting for Pixhawk
3652.47106552,INFO: Pixhawk connected!
3652.7659893,INFO: ------------------SYSTEM IS READY!!------------------
3652.91810036,INFO: -----------------------------------------------------
3684.78608131,INFO: Got GPS lock at 2016-03-14 12:13:37
130.09095192,INFO: ------------ STARTING AEROWAKE SYSTEM ------------
130.247116089,INFO: -------------------- GCS NODE --------------------
2146.97098732,INFO: Waiting for Pixhawk
3452.05712318,INFO: Pixhawk connected!
3452.20899582,INFO: ------------------SYSTEM IS READY!!------------------
3452.27313042,INFO: -----------------------------------------------------
3553.48992348,INFO: Got GPS lock at 2016-03-14 12:20:04
130.181789398,INFO: ------------ STARTING AEROWAKE SYSTEM ------------
130.336999893,INFO: -------------------- GCS NODE --------------------
2146.930933,INFO: Waiting for Pixhawk
3552.0658493,INFO: Pixhawk connected!
3552.37197876,INFO: ------------------SYSTEM IS READY!!------------------
3552.52385139,INFO: -----------------------------------------------------
3626.475811,INFO: Got GPS lock at 2016-03-14 12:23:17
109.173059464,INFO: ------------ STARTING AEROWAKE SYSTEM ------------
109.312057495,INFO: -------------------- GCS NODE --------------------
2125.98586082,INFO: Waiting for Pixhawk
3130.45883179,INFO: Pixhawk connected!
3130.61785698,INFO: ------------------SYSTEM IS READY!!------------------
3130.67483902,INFO: -----------------------------------------------------
3146.03495598,INFO: Got GPS lock at 2016-03-14 12:25:54
132.737874985,INFO: ------------ STARTING AEROWAKE SYSTEM ------------
132.890939713,INFO: -------------------- GCS NODE --------------------
2149.18899536,INFO: Waiting for Pixhawk
2955.39593697,INFO: Pixhawk connected!
2955.9738636,INFO: ------------------SYSTEM IS READY!!------------------
2956.48503304,INFO: -----------------------------------------------------
2956.90894127,INFO: Got GPS lock at 2016-03-14 12:26:53
131.7050457,INFO: ------------ STARTING AEROWAKE SYSTEM ------------
131.860017776,INFO: -------------------- GCS NODE --------------------
2148.63801003,INFO: Waiting for Pixhawk
3553.12204361,INFO: Pixhawk connected!
3553.42817307,INFO: ------------------SYSTEM IS READY!!------------------
3553.51901054,INFO: -----------------------------------------------------
3558.91013145,INFO: Got GPS lock at 2016-03-14 12:28:58
132.035017014,INFO: ------------ STARTING AEROWAKE SYSTEM ------------
132.1849823,INFO: -------------------- GCS NODE --------------------
2148.90193939,INFO: Waiting for Pixhawk
2952.55804062,INFO: Pixhawk connected!
2952.71897316,INFO: ------------------SYSTEM IS READY!!------------------
2952.78286934,INFO: -----------------------------------------------------
2989.3348217,INFO: Got GPS lock at 2016-03-14 12:29:28
132.04407692,INFO: ------------ STARTING AEROWAKE SYSTEM ------------
132.194042206,INFO: -------------------- GCS NODE --------------------
2148.81110191,INFO: Waiting for Pixhawk
2852.40697861,INFO: Pixhawk connected!
2852.58412361,INFO: ------------------SYSTEM IS READY!!------------------
2854.34913635,INFO: -----------------------------------------------------
2904.83903885,INFO: Got GPS lock at 2016-03-14 12:29:50
131.386995316,INFO: ------------ STARTING AEROWAKE SYSTEM ------------
131.551980972,INFO: -------------------- GCS NODE --------------------
2148.37884903,INFO: Waiting for Pixhawk
2852.09298134,INFO: Pixhawk connected!
2852.3747921,INFO: ------------------SYSTEM IS READY!!------------------
2852.50282288,INFO: -----------------------------------------------------
2903.96881104,INFO: Got GPS lock at 2016-03-14 12:30:32
140.511035919,INFO: ------------ STARTING AEROWAKE SYSTEM ------------
140.671014786,INFO: -------------------- GCS NODE --------------------
2157.42206573,INFO: Waiting for Pixhawk
3562.06798553,INFO: Pixhawk connected!
3562.25299835,INFO: ------------------SYSTEM IS READY!!------------------
3562.33000755,INFO: -----------------------------------------------------
3633.74996185,INFO: Got GPS lock at 2016-03-14 12:31:18
133.546829224,INFO: ------------ STARTING AEROWAKE SYSTEM ------------
133.705854416,INFO: -------------------- GCS NODE --------------------
2150.77781677,INFO: Waiting for Pixhawk
3355.11684418,INFO: Pixhawk connected!
3355.39293289,INFO: ------------------SYSTEM IS READY!!------------------
3355.52191734,INFO: -----------------------------------------------------
3452.59189606,INFO: Got GPS lock at 2016-03-14 12:31:27
132.040977478,INFO: ------------ STARTING AEROWAKE SYSTEM ------------
132.191896439,INFO: -------------------- GCS NODE --------------------
2149.03187752,INFO: Waiting for Pixhawk
3153.05709839,INFO: Pixhawk connected!
3153.23591232,INFO: ------------------SYSTEM IS READY!!------------------
3153.31292152,INFO: -----------------------------------------------------
3254.87399101,INFO: Got GPS lock at 2016-03-14 12:32:24
133.486032486,INFO: ------------ STARTING AEROWAKE SYSTEM ------------
133.647918701,INFO: -------------------- GCS NODE --------------------
2150.42805672,INFO: Waiting for Pixhawk
2854.24590111,INFO: Pixhawk connected!
2854.40802574,INFO: ------------------SYSTEM IS READY!!------------------
2854.48503494,INFO: -----------------------------------------------------
2862.56098747,INFO: Got GPS lock at 2016-03-14 12:34:11
133.130073547,INFO: ------------ STARTING AEROWAKE SYSTEM ------------
133.285999298,INFO: -------------------- GCS NODE --------------------
2150.20298958,INFO: Waiting for Pixhawk
2854.09498215,INFO: Pixhawk connected!
2854.35390472,INFO: ------------------SYSTEM IS READY!!------------------
2854.49910164,INFO: -----------------------------------------------------
2877.84194946,INFO: Got GPS lock at 2016-03-14 12:34:41
132.27891922,INFO: ------------ STARTING AEROWAKE SYSTEM ------------
132.433891296,INFO: -------------------- GCS NODE --------------------
2149.37090874,INFO: Waiting for Pixhawk
3553.97891998,INFO: Pixhawk connected!
3554.28791046,INFO: ------------------SYSTEM IS READY!!------------------
3554.44908142,INFO: -----------------------------------------------------
3571.24710083,INFO: Got GPS lock at 2016-03-14 12:35:19
80.6608200073,INFO: ------------ STARTING AEROWAKE SYSTEM ------------
80.7898044586,INFO: -------------------- GCS NODE --------------------
2097.43690491,INFO: Waiting for Pixhawk
2701.19595528,INFO: Pixhawk connected!
2701.43389702,INFO: ------------------SYSTEM IS READY!!------------------
2701.56383514,INFO: -----------------------------------------------------
2749.87888336,INFO: Got GPS lock at 2016-03-14 12:37:34
152.930021286,INFO: ------------ STARTING AEROWAKE SYSTEM ------------
153.109788895,INFO: -------------------- GCS NODE --------------------
2169.89398003,INFO: Waiting for Pixhawk
2973.76990318,INFO: Pixhawk connected!
2974.00593758,INFO: ------------------SYSTEM IS READY!!------------------
2974.12490845,INFO: -----------------------------------------------------
3098.35791588,INFO: Got GPS lock at 2016-03-14 12:37:57
131.146907806,INFO: ------------ STARTING AEROWAKE SYSTEM ------------
131.29901886,INFO: -------------------- GCS NODE --------------------
2147.96996117,INFO: Waiting for Pixhawk
3051.88894272,INFO: Pixhawk connected!
3052.19292641,INFO: ------------------SYSTEM IS READY!!------------------
3052.32286453,INFO: -----------------------------------------------------
3080.10292053,INFO: Got GPS lock at 2016-03-14 12:44:06
80.9550285339,INFO: ------------ STARTING AEROWAKE SYSTEM ------------
81.0749530792,INFO: -------------------- GCS NODE --------------------
2098.0758667,INFO: Waiting for Pixhawk
2701.5349865,INFO: Pixhawk connected!
2701.68995857,INFO: ------------------SYSTEM IS READY!!------------------
2701.7519474,INFO: -----------------------------------------------------
2751.52683258,INFO: Got GPS lock at 2016-03-14 12:44:16
130.392074585,INFO: ------------ STARTING AEROWAKE SYSTEM ------------
130.54394722,INFO: -------------------- GCS NODE --------------------
2147.25804329,INFO: Waiting for Pixhawk
3352.08392143,INFO: Pixhawk connected!
3352.37407684,INFO: ------------------SYSTEM IS READY!!------------------
3352.52904892,INFO: -----------------------------------------------------
3378.32713127,INFO: Got GPS lock at 2016-03-14 12:44:55
130.667924881,INFO: ------------ STARTING AEROWAKE SYSTEM ------------
130.830049515,INFO: -------------------- GCS NODE --------------------
2145.46895027,INFO: Waiting for Pixhawk
3149.44505692,INFO: Pixhawk connected!
3149.7130394,INFO: ------------------SYSTEM IS READY!!------------------
3149.84107018,INFO: -----------------------------------------------------
3154.96206284,INFO: Got GPS lock at 2016-03-14 12:45:27
130.970001221,INFO: ------------ STARTING AEROWAKE SYSTEM ------------
131.124019623,INFO: -------------------- GCS NODE --------------------
2147.68981934,INFO: Waiting for Pixhawk
3251.67798996,INFO: Pixhawk connected!
3251.85084343,INFO: ------------------SYSTEM IS READY!!------------------
3251.92785263,INFO: -----------------------------------------------------
3327.00490952,INFO: Got GPS lock at 2016-03-14 12:48:00
131.393909454,INFO: ------------ STARTING AEROWAKE SYSTEM ------------
131.546974182,INFO: -------------------- GCS NODE --------------------
2148.10395241,INFO: Waiting for Pixhawk
3652.62794495,INFO: Pixhawk connected!
3652.92000771,INFO: ------------------SYSTEM IS READY!!------------------
3653.04803848,INFO: -----------------------------------------------------
3736.1228466,INFO: Got GPS lock at 2016-03-14 12:48:34
132.752895355,INFO: ------------ STARTING AEROWAKE SYSTEM ------------
132.913827896,INFO: -------------------- GCS NODE --------------------
2149.97386932,INFO: Waiting for Pixhawk
3354.17890549,INFO: Pixhawk connected!
3354.43782806,INFO: ------------------SYSTEM IS READY!!------------------
3354.61688042,INFO: -----------------------------------------------------
3482.58876801,INFO: Got GPS lock at 2016-03-14 12:49:02
86.3540172577,INFO: ------------ STARTING AEROWAKE SYSTEM ------------
86.4810943604,INFO: -------------------- GCS NODE --------------------
2100.9991169,INFO: Waiting for Pixhawk
2904.92200851,INFO: Pixhawk connected!
2905.19690514,INFO: ------------------SYSTEM IS READY!!------------------
2905.3299427,INFO: -----------------------------------------------------
2929.22592163,INFO: Got GPS lock at 2016-03-14 12:54:18
133.001089096,INFO: ------------ STARTING AEROWAKE SYSTEM ------------
133.153915405,INFO: -------------------- GCS NODE --------------------
2149.91307259,INFO: Waiting for Pixhawk
3053.78389359,INFO: Pixhawk connected!
3053.97200584,INFO: ------------------SYSTEM IS READY!!------------------
3054.1100502,INFO: -----------------------------------------------------
3065.52290916,INFO: Got GPS lock at 2016-03-14 12:54:37
